android/app/build/intermediates/manifest_merge_blame_file/debug/processDebugMainManifest/manifest-merger-blame-debug-report.txt
1<?xml version="1.0" encoding="utf-8"?>
2<manifest xmlns:android="http://schemas.android.com/apk/res/android"
3    package="com.eui.neo"
4    android:versionCode="1"
5    android:versionName="1.0" >
6
7    <uses-sdk
8        android:minSdkVersion="26"
9        android:targetSdkVersion="34" />
10
11    <uses-permission android:name="android.permission.INTERNET" />
11-->src/main/AndroidManifest.xml:4:5-67
11-->src/main/AndroidManifest.xml:4:22-64
12
13    <uses-feature
13-->src/main/AndroidManifest.xml:5:5-78
14        android:glEsVersion="0x00030000"
14-->src/main/AndroidManifest.xml:5:19-51
15        android:required="true" />
15-->src/main/AndroidManifest.xml:5:52-75
16
17    <application
17-->src/main/AndroidManifest.xml:7:5-23:19
18        android:allowBackup="true"
18-->src/main/AndroidManifest.xml:8:9-35
19        android:debuggable="true"
20        android:extractNativeLibs="false"
21        android:label="EUI-NEO"
21-->src/main/AndroidManifest.xml:9:9-32
22        android:supportsRtl="true"
22-->src/main/AndroidManifest.xml:10:9-35
23        android:theme="@android:style/Theme.NoTitleBar.Fullscreen" >
23-->src/main/AndroidManifest.xml:11:9-67
24        <activity
24-->src/main/AndroidManifest.xml:13:9-22:20
25            android:name="com.eui.neo.EuiActivity"
25-->src/main/AndroidManifest.xml:14:13-40
26            android:configChanges="orientation|keyboardHidden|screenSize|uiMode"
26-->src/main/AndroidManifest.xml:15:13-81
27            android:exported="true"
27-->src/main/AndroidManifest.xml:16:13-36
28            android:launchMode="singleTask" >
28-->src/main/AndroidManifest.xml:17:13-44
29            <intent-filter>
29-->src/main/AndroidManifest.xml:18:13-21:29
30                <action android:name="android.intent.action.MAIN" />
30-->src/main/AndroidManifest.xml:19:17-69
30-->src/main/AndroidManifest.xml:19:25-66
31
32                <category android:name="android.intent.category.LAUNCHER" />
32-->src/main/AndroidManifest.xml:20:17-77
32-->src/main/AndroidManifest.xml:20:27-74
33            </intent-filter>
34        </activity>
35    </application>
36
37</manifest>